Defaulting to user installation because normal site-packages is not writeable
Requirement already satisfied: torch in /n/home09/rpellegrin/.local/lib/python3.8/site-packages (1.10.0)
Requirement already satisfied: typing-extensions in /n/sw/eb/apps/centos7/Anaconda3/2020.11/lib/python3.8/site-packages (from torch) (3.7.4.3)
No GPU found, using cpu
The initial condition (for y) is 8.5
The initial condition (for y) is 19.74
The initial condition (for y) is 17.81
The initial condition (for y) is 18.1
The initial condition (for y) is 4.43
The initial condition (for y) is 16.68
The initial condition (for y) is 18.94
The initial condition (for y) is 18.82
The initial condition (for y) is 12.39
The initial condition (for y) is 19.61
The initial condition (for y) is 17.92
The initial condition (for y) is 8.31
The initial condition (for y) is 4.14
The initial condition (for y) is 5.54
The initial condition (for y) is 13.13
The initial condition (for y) is 18.02
The initial condition (for y) is 1.12
The initial condition (for y) is 17.76
The initial condition (for y) is 14.95
The initial condition (for y) is 1.71
The best loss we achieved was: 0.009624933678155199 at epoch 59985
The maximum of the individual losses was 0.002050769446052582
The initial condition used is 8.5
The initial condition used is 19.74
The initial condition used is 17.81
The initial condition used is 18.1
The initial condition used is 4.43
The initial condition used is 16.68
The initial condition used is 18.94
The initial condition used is 18.82
The initial condition used is 12.39
The initial condition used is 19.61
The initial condition used is 17.92
The initial condition used is 8.31
The initial condition used is 4.14
The initial condition used is 5.54
The initial condition used is 13.13
The initial condition used is 18.02
The initial condition used is 1.12
The initial condition used is 17.76
The initial condition used is 14.95
The initial condition used is 1.71
