Defaulting to user installation because normal site-packages is not writeable
Requirement already satisfied: torch in /n/home09/rpellegrin/.local/lib/python3.8/site-packages (1.10.0)
Requirement already satisfied: typing-extensions in /n/sw/eb/apps/centos7/Anaconda3/2020.11/lib/python3.8/site-packages (from torch) (3.7.4.3)
No GPU found, using cpu
The initial condition (for y) is 11.21
The initial condition (for y) is 4.19
The initial condition (for y) is 5.9
The initial condition (for y) is 10.78
The initial condition (for y) is 8.0
The initial condition (for y) is 11.76
The initial condition (for y) is 1.84
The initial condition (for y) is 1.34
The initial condition (for y) is 13.44
The initial condition (for y) is 8.58
The initial condition (for y) is 13.45
The initial condition (for y) is 3.26
The initial condition (for y) is 10.28
The initial condition (for y) is 6.68
The initial condition (for y) is 10.76
The initial condition (for y) is 1.33
The initial condition (for y) is 18.37
The initial condition (for y) is 12.54
The initial condition (for y) is 15.75
The initial condition (for y) is 19.4
The best loss we achieved was: 0.0007853644229167601 at epoch 59813
The maximum of the individual losses was 0.00013515536633963758
The initial condition used is 11.21
The initial condition used is 4.19
The initial condition used is 5.9
The initial condition used is 10.78
The initial condition used is 8.0
The initial condition used is 11.76
The initial condition used is 1.84
The initial condition used is 1.34
The initial condition used is 13.44
The initial condition used is 8.58
The initial condition used is 13.45
The initial condition used is 3.26
The initial condition used is 10.28
The initial condition used is 6.68
The initial condition used is 10.76
The initial condition used is 1.33
The initial condition used is 18.37
The initial condition used is 12.54
The initial condition used is 15.75
The initial condition used is 19.4
