Defaulting to user installation because normal site-packages is not writeable
Requirement already satisfied: torch in /n/home09/rpellegrin/.local/lib/python3.8/site-packages (1.10.0)
Requirement already satisfied: typing-extensions in /n/sw/eb/apps/centos7/Anaconda3/2020.11/lib/python3.8/site-packages (from torch) (3.7.4.3)
No GPU found, using cpu
The initial condition (for y) is 8.71
The initial condition (for y) is 9.89
The initial condition (for y) is 8.58
The initial condition (for y) is 13.04
The initial condition (for y) is 3.1
The initial condition (for y) is 18.08
The initial condition (for y) is 17.38
The initial condition (for y) is 14.3
The initial condition (for y) is 0.51
The initial condition (for y) is 7.27
The initial condition (for y) is 2.04
The initial condition (for y) is 4.63
The initial condition (for y) is 12.11
The initial condition (for y) is 18.9
The initial condition (for y) is 8.2
The initial condition (for y) is 4.48
The initial condition (for y) is 17.55
The initial condition (for y) is 19.47
The initial condition (for y) is 2.4
The initial condition (for y) is 19.28
The best loss we achieved was: 0.0003307956360182681 at epoch 56139
The maximum of the individual losses was 4.9869653744431446e-05
The initial condition used is 8.71
The initial condition used is 9.89
The initial condition used is 8.58
The initial condition used is 13.04
The initial condition used is 3.1
The initial condition used is 18.08
The initial condition used is 17.38
The initial condition used is 14.3
The initial condition used is 0.51
The initial condition used is 7.27
The initial condition used is 2.04
The initial condition used is 4.63
The initial condition used is 12.11
The initial condition used is 18.9
The initial condition used is 8.2
The initial condition used is 4.48
The initial condition used is 17.55
The initial condition used is 19.47
The initial condition used is 2.4
The initial condition used is 19.28
