Defaulting to user installation because normal site-packages is not writeable
Requirement already satisfied: torch in /n/home09/rpellegrin/.local/lib/python3.8/site-packages (1.10.0)
Requirement already satisfied: typing-extensions in /n/sw/eb/apps/centos7/Anaconda3/2020.11/lib/python3.8/site-packages (from torch) (3.7.4.3)
No GPU found, using cpu
The initial condition (for y) is 15.3
The initial condition (for y) is 9.08
The initial condition (for y) is 10.19
The initial condition (for y) is 3.63
The initial condition (for y) is 17.58
The initial condition (for y) is 16.4
The initial condition (for y) is 9.8
The initial condition (for y) is 4.04
The initial condition (for y) is 3.0
The initial condition (for y) is 2.58
The initial condition (for y) is 0.23
The initial condition (for y) is 6.54
The initial condition (for y) is 18.06
The initial condition (for y) is 15.96
The initial condition (for y) is 9.33
The initial condition (for y) is 15.83
The initial condition (for y) is 12.72
The initial condition (for y) is 6.02
The initial condition (for y) is 14.86
The initial condition (for y) is 1.17
The best loss we achieved was: 5.109629059334224 at epoch 11493
The maximum of the individual losses was 0.25798386994155265
The initial condition used is 15.3
The initial condition used is 9.08
The initial condition used is 10.19
The initial condition used is 3.63
The initial condition used is 17.58
The initial condition used is 16.4
The initial condition used is 9.8
The initial condition used is 4.04
The initial condition used is 3.0
The initial condition used is 2.58
The initial condition used is 0.23
The initial condition used is 6.54
The initial condition used is 18.06
The initial condition used is 15.96
The initial condition used is 9.33
The initial condition used is 15.83
The initial condition used is 12.72
The initial condition used is 6.02
The initial condition used is 14.86
The initial condition used is 1.17
