Defaulting to user installation because normal site-packages is not writeable
Requirement already satisfied: torch in /n/home09/rpellegrin/.local/lib/python3.8/site-packages (1.10.0)
Requirement already satisfied: typing-extensions in /n/sw/eb/apps/centos7/Anaconda3/2020.11/lib/python3.8/site-packages (from torch) (3.7.4.3)
No GPU found, using cpu
The initial condition (for y) is 2.27
The initial condition (for y) is 19.75
The initial condition (for y) is 13.23
The initial condition (for y) is 13.09
The initial condition (for y) is 7.16
The initial condition (for y) is 8.78
The initial condition (for y) is 12.69
The initial condition (for y) is 11.93
The initial condition (for y) is 7.81
The initial condition (for y) is 5.48
The initial condition (for y) is 2.78
The initial condition (for y) is 4.2
The initial condition (for y) is 7.1
The initial condition (for y) is 5.06
The initial condition (for y) is 1.79
The initial condition (for y) is 15.07
The initial condition (for y) is 17.49
The initial condition (for y) is 9.22
The initial condition (for y) is 14.05
The initial condition (for y) is 9.73
The best loss we achieved was: 4.982597592195103 at epoch 9776
The maximum of the individual losses was 0.24951479214978398
The initial condition used is 2.27
The initial condition used is 19.75
The initial condition used is 13.23
The initial condition used is 13.09
The initial condition used is 7.16
The initial condition used is 8.78
The initial condition used is 12.69
The initial condition used is 11.93
The initial condition used is 7.81
The initial condition used is 5.48
The initial condition used is 2.78
The initial condition used is 4.2
The initial condition used is 7.1
The initial condition used is 5.06
The initial condition used is 1.79
The initial condition used is 15.07
The initial condition used is 17.49
The initial condition used is 9.22
The initial condition used is 14.05
The initial condition used is 9.73
