Defaulting to user installation because normal site-packages is not writeable
Requirement already satisfied: torch in /n/home09/rpellegrin/.local/lib/python3.8/site-packages (1.10.0)
Requirement already satisfied: typing-extensions in /n/sw/eb/apps/centos7/Anaconda3/2020.11/lib/python3.8/site-packages (from torch) (3.7.4.3)
No GPU found, using cpu
The initial condition (for y) is 18.08
The initial condition (for y) is 11.45
The initial condition (for y) is 12.62
The initial condition (for y) is 0.94
The initial condition (for y) is 2.13
The initial condition (for y) is 3.9
The initial condition (for y) is 3.66
The initial condition (for y) is 15.6
The initial condition (for y) is 11.75
The initial condition (for y) is 1.67
The initial condition (for y) is 16.02
The initial condition (for y) is 10.58
The initial condition (for y) is 8.25
The initial condition (for y) is 17.78
The initial condition (for y) is 15.1
The initial condition (for y) is 0.31
The initial condition (for y) is 2.61
The initial condition (for y) is 1.63
The initial condition (for y) is 13.06
The initial condition (for y) is 8.21
The best loss we achieved was: 0.0005316300280653835 at epoch 57165
The maximum of the individual losses was 9.173975421230568e-05
The initial condition used is 18.08
The initial condition used is 11.45
The initial condition used is 12.62
The initial condition used is 0.94
The initial condition used is 2.13
The initial condition used is 3.9
The initial condition used is 3.66
The initial condition used is 15.6
The initial condition used is 11.75
The initial condition used is 1.67
The initial condition used is 16.02
The initial condition used is 10.58
The initial condition used is 8.25
The initial condition used is 17.78
The initial condition used is 15.1
The initial condition used is 0.31
The initial condition used is 2.61
The initial condition used is 1.63
The initial condition used is 13.06
The initial condition used is 8.21
