Defaulting to user installation because normal site-packages is not writeable
Requirement already satisfied: torch in /n/home09/rpellegrin/.local/lib/python3.8/site-packages (1.10.0)
Requirement already satisfied: typing-extensions in /n/sw/eb/apps/centos7/Anaconda3/2020.11/lib/python3.8/site-packages (from torch) (3.7.4.3)
No GPU found, using cpu
The initial condition (for y) is 1.58
The initial condition (for y) is 5.08
The initial condition (for y) is 8.5
The initial condition (for y) is 14.37
The initial condition (for y) is 1.14
The initial condition (for y) is 8.93
The initial condition (for y) is 0.61
The initial condition (for y) is 12.42
The initial condition (for y) is 1.46
The initial condition (for y) is 18.34
The initial condition (for y) is 10.96
The initial condition (for y) is 4.88
The initial condition (for y) is 11.43
The initial condition (for y) is 7.74
The initial condition (for y) is 0.87
The initial condition (for y) is 1.08
The initial condition (for y) is 10.33
The initial condition (for y) is 15.22
The initial condition (for y) is 3.56
The initial condition (for y) is 7.43
The best loss we achieved was: 0.045061942222522015 at epoch 29478
The maximum of the individual losses was 0.006583044688664098
The initial condition used is 1.58
The initial condition used is 5.08
The initial condition used is 8.5
The initial condition used is 14.37
The initial condition used is 1.14
The initial condition used is 8.93
The initial condition used is 0.61
The initial condition used is 12.42
The initial condition used is 1.46
The initial condition used is 18.34
The initial condition used is 10.96
The initial condition used is 4.88
The initial condition used is 11.43
The initial condition used is 7.74
The initial condition used is 0.87
The initial condition used is 1.08
The initial condition used is 10.33
The initial condition used is 15.22
The initial condition used is 3.56
The initial condition used is 7.43
