Defaulting to user installation because normal site-packages is not writeable
Requirement already satisfied: torch in /n/home09/rpellegrin/.local/lib/python3.8/site-packages (1.10.0)
Requirement already satisfied: typing-extensions in /n/sw/eb/apps/centos7/Anaconda3/2020.11/lib/python3.8/site-packages (from torch) (3.7.4.3)
No GPU found, using cpu
The initial condition (for y) is 12.54
The initial condition (for y) is 19.67
The initial condition (for y) is 16.31
The initial condition (for y) is 4.53
The initial condition (for y) is 1.07
The initial condition (for y) is 16.65
The initial condition (for y) is 9.4
The initial condition (for y) is 18.94
The initial condition (for y) is 2.06
The initial condition (for y) is 3.73
The initial condition (for y) is 14.14
The initial condition (for y) is 2.16
The initial condition (for y) is 8.18
The initial condition (for y) is 9.51
The initial condition (for y) is 9.63
The initial condition (for y) is 14.51
The initial condition (for y) is 3.79
The initial condition (for y) is 7.94
The initial condition (for y) is 7.5
The initial condition (for y) is 19.64
The best loss we achieved was: 0.024224395420087128 at epoch 53007
The maximum of the individual losses was 0.02150040101565286
The initial condition used is 12.54
The initial condition used is 19.67
The initial condition used is 16.31
The initial condition used is 4.53
The initial condition used is 1.07
The initial condition used is 16.65
The initial condition used is 9.4
The initial condition used is 18.94
The initial condition used is 2.06
The initial condition used is 3.73
The initial condition used is 14.14
The initial condition used is 2.16
The initial condition used is 8.18
The initial condition used is 9.51
The initial condition used is 9.63
The initial condition used is 14.51
The initial condition used is 3.79
The initial condition used is 7.94
The initial condition used is 7.5
The initial condition used is 19.64
