Defaulting to user installation because normal site-packages is not writeable
Requirement already satisfied: torch in /n/home09/rpellegrin/.local/lib/python3.8/site-packages (1.10.0)
Requirement already satisfied: typing-extensions in /n/sw/eb/apps/centos7/Anaconda3/2020.11/lib/python3.8/site-packages (from torch) (3.7.4.3)
No GPU found, using cpu
The initial condition (for y) is 1.12
The initial condition (for y) is 9.59
The initial condition (for y) is 8.43
The initial condition (for y) is 10.31
The initial condition (for y) is 16.27
The initial condition (for y) is 9.54
The initial condition (for y) is 14.87
The initial condition (for y) is 11.59
The initial condition (for y) is 5.39
The initial condition (for y) is 0.75
The initial condition (for y) is 5.09
The initial condition (for y) is 10.72
The initial condition (for y) is 12.92
The initial condition (for y) is 17.14
The initial condition (for y) is 7.29
The initial condition (for y) is 16.94
The initial condition (for y) is 13.7
The initial condition (for y) is 13.58
The initial condition (for y) is 15.31
The initial condition (for y) is 8.36
The best loss we achieved was: 0.0009955025429982788 at epoch 29728
The maximum of the individual losses was 0.00019907956481093195
The initial condition used is 1.12
The initial condition used is 9.59
The initial condition used is 8.43
The initial condition used is 10.31
The initial condition used is 16.27
The initial condition used is 9.54
The initial condition used is 14.87
The initial condition used is 11.59
The initial condition used is 5.39
The initial condition used is 0.75
The initial condition used is 5.09
The initial condition used is 10.72
The initial condition used is 12.92
The initial condition used is 17.14
The initial condition used is 7.29
The initial condition used is 16.94
The initial condition used is 13.7
The initial condition used is 13.58
The initial condition used is 15.31
The initial condition used is 8.36
