Defaulting to user installation because normal site-packages is not writeable
Requirement already satisfied: torch in /n/home09/rpellegrin/.local/lib/python3.8/site-packages (1.10.0)
Requirement already satisfied: typing-extensions in /n/sw/eb/apps/centos7/Anaconda3/2020.11/lib/python3.8/site-packages (from torch) (3.7.4.3)
Using GPU
The initial condition (for y) is 1.71
The initial condition (for y) is 7.93
The initial condition (for y) is 19.57
The initial condition (for y) is 19.93
The initial condition (for y) is 7.39
The initial condition (for y) is 4.31
The initial condition (for y) is 18.58
The initial condition (for y) is 11.72
The initial condition (for y) is 8.7
The initial condition (for y) is 17.73
The initial condition (for y) is 3.13
The initial condition (for y) is 18.15
The initial condition (for y) is 15.42
The initial condition (for y) is 8.23
The initial condition (for y) is 8.66
The initial condition (for y) is 1.47
The initial condition (for y) is 8.19
The initial condition (for y) is 18.16
The initial condition (for y) is 15.13
The initial condition (for y) is 16.93
The best loss we achieved was: 0.04430776056285091 at epoch 74588
The maximum of the individual losses was 0.007608376337254807
The initial condition used is 1.71
The initial condition used is 7.93
The initial condition used is 19.57
The initial condition used is 19.93
The initial condition used is 7.39
The initial condition used is 4.31
The initial condition used is 18.58
The initial condition used is 11.72
The initial condition used is 8.7
The initial condition used is 17.73
The initial condition used is 3.13
The initial condition used is 18.15
The initial condition used is 15.42
The initial condition used is 8.23
The initial condition used is 8.66
The initial condition used is 1.47
The initial condition used is 8.19
The initial condition used is 18.16
The initial condition used is 15.13
The initial condition used is 16.93
