Defaulting to user installation because normal site-packages is not writeable
Requirement already satisfied: torch in /n/home09/rpellegrin/.local/lib/python3.8/site-packages (1.10.0)
Requirement already satisfied: typing-extensions in /n/sw/eb/apps/centos7/Anaconda3/2020.11/lib/python3.8/site-packages (from torch) (3.7.4.3)
No GPU found, using cpu
The initial condition (for y) is 14.36
The initial condition (for y) is 2.01
The initial condition (for y) is 14.54
The initial condition (for y) is 0.3
The initial condition (for y) is 12.6
The initial condition (for y) is 6.04
The initial condition (for y) is 3.12
The initial condition (for y) is 0.62
The initial condition (for y) is 12.87
The initial condition (for y) is 1.34
The initial condition (for y) is 8.19
The initial condition (for y) is 15.39
The initial condition (for y) is 16.33
The initial condition (for y) is 15.43
The initial condition (for y) is 9.44
The initial condition (for y) is 7.62
The initial condition (for y) is 3.39
The initial condition (for y) is 14.83
The initial condition (for y) is 15.81
The initial condition (for y) is 17.63
The best loss we achieved was: 0.035657967502455534 at epoch 58446
The maximum of the individual losses was 0.009250491015973878
The initial condition used is 14.36
The initial condition used is 2.01
The initial condition used is 14.54
The initial condition used is 0.3
The initial condition used is 12.6
The initial condition used is 6.04
The initial condition used is 3.12
The initial condition used is 0.62
The initial condition used is 12.87
The initial condition used is 1.34
The initial condition used is 8.19
The initial condition used is 15.39
The initial condition used is 16.33
The initial condition used is 15.43
The initial condition used is 9.44
The initial condition used is 7.62
The initial condition used is 3.39
The initial condition used is 14.83
The initial condition used is 15.81
The initial condition used is 17.63
