Defaulting to user installation because normal site-packages is not writeable
Requirement already satisfied: torch in /n/home09/rpellegrin/.local/lib/python3.8/site-packages (1.10.0)
Requirement already satisfied: typing-extensions in /n/sw/eb/apps/centos7/Anaconda3/2020.11/lib/python3.8/site-packages (from torch) (3.7.4.3)
No GPU found, using cpu
The initial condition (for y) is 9.11
The initial condition (for y) is 9.82
The initial condition (for y) is 1.3
The initial condition (for y) is 13.38
The initial condition (for y) is 3.62
The initial condition (for y) is 1.08
The initial condition (for y) is 4.53
The initial condition (for y) is 0.77
The initial condition (for y) is 4.04
The initial condition (for y) is 2.39
The initial condition (for y) is 10.85
The initial condition (for y) is 4.18
The initial condition (for y) is 17.89
The initial condition (for y) is 19.26
The initial condition (for y) is 1.69
The initial condition (for y) is 9.67
The initial condition (for y) is 11.92
The initial condition (for y) is 19.83
The initial condition (for y) is 1.31
The initial condition (for y) is 10.91
The best loss we achieved was: 0.05699975159572311 at epoch 24302
The maximum of the individual losses was 0.007009078697901978
The initial condition used is 9.11
The initial condition used is 9.82
The initial condition used is 1.3
The initial condition used is 13.38
The initial condition used is 3.62
The initial condition used is 1.08
The initial condition used is 4.53
The initial condition used is 0.77
The initial condition used is 4.04
The initial condition used is 2.39
The initial condition used is 10.85
The initial condition used is 4.18
The initial condition used is 17.89
The initial condition used is 19.26
The initial condition used is 1.69
The initial condition used is 9.67
The initial condition used is 11.92
The initial condition used is 19.83
The initial condition used is 1.31
The initial condition used is 10.91
