Defaulting to user installation because normal site-packages is not writeable
Requirement already satisfied: torch in /n/home09/rpellegrin/.local/lib/python3.8/site-packages (1.10.0)
Requirement already satisfied: typing-extensions in /n/sw/eb/apps/centos7/Anaconda3/2020.11/lib/python3.8/site-packages (from torch) (3.7.4.3)
Using GPU
The initial condition (for y) is 7.63
The initial condition (for y) is 10.42
The initial condition (for y) is 19.95
The initial condition (for y) is 3.65
The initial condition (for y) is 15.62
The initial condition (for y) is 6.03
The initial condition (for y) is 9.61
The initial condition (for y) is 11.92
The initial condition (for y) is 4.07
The initial condition (for y) is 6.93
The initial condition (for y) is 9.17
The initial condition (for y) is 1.91
The initial condition (for y) is 0.88
The initial condition (for y) is 4.3
The initial condition (for y) is 10.92
The initial condition (for y) is 13.73
The initial condition (for y) is 5.52
The initial condition (for y) is 8.11
The initial condition (for y) is 2.95
The initial condition (for y) is 14.1
The best loss we achieved was: 0.00010026660061254758 at epoch 61609
The maximum of the individual losses was 1.5163467926333488e-05
The initial condition used is 7.63
The initial condition used is 10.42
The initial condition used is 19.95
The initial condition used is 3.65
The initial condition used is 15.62
The initial condition used is 6.03
The initial condition used is 9.61
The initial condition used is 11.92
The initial condition used is 4.07
The initial condition used is 6.93
The initial condition used is 9.17
The initial condition used is 1.91
The initial condition used is 0.88
The initial condition used is 4.3
The initial condition used is 10.92
The initial condition used is 13.73
The initial condition used is 5.52
The initial condition used is 8.11
The initial condition used is 2.95
The initial condition used is 14.1
