Defaulting to user installation because normal site-packages is not writeable
Requirement already satisfied: torch in /n/home09/rpellegrin/.local/lib/python3.8/site-packages (1.10.0)
Requirement already satisfied: typing-extensions in /n/sw/eb/apps/centos7/Anaconda3/2020.11/lib/python3.8/site-packages (from torch) (3.7.4.3)
Using GPU
The initial condition (for y) is 2.78
The initial condition (for y) is 12.77
The initial condition (for y) is 2.74
The initial condition (for y) is 12.1
The initial condition (for y) is 14.15
The initial condition (for y) is 1.13
The initial condition (for y) is 0.77
The initial condition (for y) is 10.47
The initial condition (for y) is 9.78
The initial condition (for y) is 5.37
The initial condition (for y) is 5.97
The initial condition (for y) is 6.39
The initial condition (for y) is 18.77
The initial condition (for y) is 14.7
The initial condition (for y) is 12.08
The initial condition (for y) is 11.34
The initial condition (for y) is 12.49
The initial condition (for y) is 9.49
The initial condition (for y) is 16.87
The initial condition (for y) is 6.54
The best loss we achieved was: 0.04823010375567208 at epoch 64272
The maximum of the individual losses was 0.00937227028747647
The initial condition used is 2.78
The initial condition used is 12.77
The initial condition used is 2.74
The initial condition used is 12.1
The initial condition used is 14.15
The initial condition used is 1.13
The initial condition used is 0.77
The initial condition used is 10.47
The initial condition used is 9.78
The initial condition used is 5.37
The initial condition used is 5.97
The initial condition used is 6.39
The initial condition used is 18.77
The initial condition used is 14.7
The initial condition used is 12.08
The initial condition used is 11.34
The initial condition used is 12.49
The initial condition used is 9.49
The initial condition used is 16.87
The initial condition used is 6.54
