Defaulting to user installation because normal site-packages is not writeable
Requirement already satisfied: torch in /n/home09/rpellegrin/.local/lib/python3.8/site-packages (1.10.0)
Requirement already satisfied: typing-extensions in /n/sw/eb/apps/centos7/Anaconda3/2020.11/lib/python3.8/site-packages (from torch) (3.7.4.3)
Using GPU
The initial condition (for y) is 10.94
The initial condition (for y) is 14.09
The initial condition (for y) is 10.9
The initial condition (for y) is 12.81
The initial condition (for y) is 10.12
The initial condition (for y) is 3.82
The initial condition (for y) is 3.37
The initial condition (for y) is 12.33
The initial condition (for y) is 0.25
The initial condition (for y) is 13.01
The initial condition (for y) is 18.72
The initial condition (for y) is 8.14
The initial condition (for y) is 2.95
The initial condition (for y) is 19.5
The initial condition (for y) is 15.07
The initial condition (for y) is 18.97
The initial condition (for y) is 10.59
The initial condition (for y) is 9.21
The initial condition (for y) is 4.04
The initial condition (for y) is 2.11
The best loss we achieved was: 0.0004347714484164147 at epoch 66656
The maximum of the individual losses was 0.0001322400023047507
The initial condition used is 10.94
The initial condition used is 14.09
The initial condition used is 10.9
The initial condition used is 12.81
The initial condition used is 10.12
The initial condition used is 3.82
The initial condition used is 3.37
The initial condition used is 12.33
The initial condition used is 0.25
The initial condition used is 13.01
The initial condition used is 18.72
The initial condition used is 8.14
The initial condition used is 2.95
The initial condition used is 19.5
The initial condition used is 15.07
The initial condition used is 18.97
The initial condition used is 10.59
The initial condition used is 9.21
The initial condition used is 4.04
The initial condition used is 2.11
